Build started 16-May-15 12:57:31 AM.
     1>Project "C:\Users\Robert\Documents\Visual Studio 2013\Projects\GameDraw\Tools\Tools.vcxproj" on node 2 (Build target(s)).
     1>InitializeBuildStatus:
         Touching "x64\Debug\Tools.tlog\unsuccessfulbuild".
       ClCompile:
         All outputs are up-to-date.
       Lib:
         C:\Program Files (x86)\Microsoft Visual Studio 12.0\VC\bin\x86_amd64\Lib.exe /OUT:"lib/tools.lib" /NOLOGO /MACHINE:X64 x64\Debug\console.obj
         x64\Debug\file.obj
         x64\Debug\math.obj
         x64\Debug\matrix.obj
         x64\Debug\vector.obj
         x64\Debug\testsuite.obj
         Tools.vcxproj -> C:\Users\Robert\Documents\Visual Studio 2013\Projects\GameDraw\Tools\lib/tools.lib
       FinalizeBuildStatus:
         Deleting file "x64\Debug\Tools.tlog\unsuccessfulbuild".
         Touching "x64\Debug\Tools.tlog\Tools.lastbuildstate".
     1>Done Building Project "C:\Users\Robert\Documents\Visual Studio 2013\Projects\GameDraw\Tools\Tools.vcxproj" (Build target(s)).

Build succeeded.

Time Elapsed 00:00:00.19
