c:\users\robert\desktop\gamedraw\graphics\release\vc120.pdb
c:\users\robert\desktop\gamedraw\graphics\release\window.obj
c:\users\robert\desktop\gamedraw\graphics\release\scene.obj
c:\users\robert\desktop\gamedraw\graphics\release\renderer.obj
c:\users\robert\desktop\gamedraw\graphics\release\gameobject.obj
c:\users\robert\desktop\gamedraw\graphics\release\buffer.obj
c:\users\robert\desktop\gamedraw\graphics\release\model.obj
c:\users\robert\desktop\gamedraw\graphics\release\sprite.obj
c:\users\robert\desktop\gamedraw\graphics\release\renderer2d.obj
c:\users\robert\desktop\gamedraw\graphics\release\label.obj
c:\users\robert\desktop\gamedraw\graphics\release\texture.obj
c:\users\robert\desktop\gamedraw\graphics\release\shader.obj
c:\users\robert\desktop\gamedraw\graphics\release\material.obj
c:\users\robert\desktop\gamedraw\graphics\release\input.obj
c:\users\robert\desktop\gamedraw\graphics\release\camera.obj
c:\users\robert\desktop\gamedraw\graphics\release\renderer3d.obj
c:\users\robert\desktop\gamedraw\graphics\lib\graphics.lib
c:\users\robert\desktop\gamedraw\graphics\release\graphics.tlog\cl.command.1.tlog
c:\users\robert\desktop\gamedraw\graphics\release\graphics.tlog\cl.read.1.tlog
c:\users\robert\desktop\gamedraw\graphics\release\graphics.tlog\cl.write.1.tlog
c:\users\robert\desktop\gamedraw\graphics\release\graphics.tlog\lib-link.read.1.tlog
c:\users\robert\desktop\gamedraw\graphics\release\graphics.tlog\lib-link.write.1.tlog
c:\users\robert\desktop\gamedraw\graphics\release\graphics.tlog\lib.command.1.tlog
