Build started 21-Jun-15 11:37:55 AM.
     1>Project "C:\Users\Robert\Desktop\GameDraw\graphics\Graphics.vcxproj" on node 2 (Build target(s)).
     1>ClCompile:
         C:\Program Files (x86)\Microsoft Visual Studio 12.0\VC\bin\x86_amd64\CL.exe /c /IC:\Users\Robert\Desktop\GameDraw\\dependencies\freeimage\include /IC:\Users\Robert\Desktop\GameDraw\\dependencies\glew\include /IC:\Users\Robert\Desktop\GameDraw\\dependencies\glfw\include /IC:\Users\Robert\Desktop\GameDraw\\tools\src /IC:\Users\Robert\Desktop\GameDraw\dependencies\freetypegl /IC:\Users\Robert\Desktop\GameDraw\dependencies\freetypegl\include /Zi /nologo /W3 /WX- /sdl /O2 /Ob2 /Oi /Ot /GL /D _CRT_SECURE_NO_WARNINGS /D _MBCS /Gm- /EHsc /MD /GS /Gy /arch:SSE2 /fp:fast /Zc:wchar_t /Zc:forScope /Fo"Release\\" /Fd"Release\vc120.pdb" /Gd /TP /errorReport:prompt src\window\camera\camera.cpp src\window\scene\material\material.cpp src\window\scene\material\shader\shader.cpp src\window\scene\renderer\2d\label.cpp src\window\scene\renderer\2d\renderer2d.cpp src\window\scene\renderer\2d\sprite.cpp src\window\scene\renderer\3d\model.cpp src\window\scene\renderer\3d\renderer3d.cpp src\window\scene\renderer\gameobject.cpp src\window\scene\renderer\renderer.cpp src\window\scene\scene.cpp src\window\window.cpp
     1>cl : Command line warning D9002: ignoring unknown option '/arch:SSE2'
         camera.cpp
         material.cpp
         shader.cpp
         label.cpp
         renderer2d.cpp
         sprite.cpp
         model.cpp
         renderer3d.cpp
         gameobject.cpp
     1>src\window\scene\renderer\gameobject.cpp(7): warning C4244: 'initializing' : conversion from 'float' to 'int', possible loss of data
     1>src\window\scene\renderer\gameobject.cpp(8): warning C4244: 'initializing' : conversion from 'float' to 'int', possible loss of data
     1>src\window\scene\renderer\gameobject.cpp(9): warning C4244: 'initializing' : conversion from 'float' to 'int', possible loss of data
     1>src\window\scene\renderer\gameobject.cpp(10): warning C4244: 'initializing' : conversion from 'float' to 'int', possible loss of data
     1>src\window\scene\renderer\gameobject.cpp(16): warning C4244: 'initializing' : conversion from 'const float' to 'int', possible loss of data
     1>src\window\scene\renderer\gameobject.cpp(17): warning C4244: 'initializing' : conversion from 'const float' to 'int', possible loss of data
     1>src\window\scene\renderer\gameobject.cpp(18): warning C4244: 'initializing' : conversion from 'const float' to 'int', possible loss of data
     1>src\window\scene\renderer\gameobject.cpp(19): warning C4244: 'initializing' : conversion from 'const float' to 'int', possible loss of data
         renderer.cpp
         scene.cpp
         window.cpp
     1>src\window\window.cpp(118): warning C4244: 'argument' : conversion from 'time_t' to 'unsigned int', possible loss of data
     1>src\window\window.cpp(124): warning C4244: 'argument' : conversion from 'double' to 'const float', possible loss of data
     1>src\window\window.cpp(135): warning C4244: '+=' : conversion from 'float' to 'unsigned int', possible loss of data
       Lib:
         C:\Program Files (x86)\Microsoft Visual Studio 12.0\VC\bin\x86_amd64\Lib.exe /OUT:"lib\graphics.lib" opengl32.lib glew32.lib glfw3dll.lib freetype.lib "freetype-gl.lib" FreeImage.lib /LIBPATH:C:\Users\Robert\Desktop\GameDraw\\dependencies\freeimage\lib /LIBPATH:C:\Users\Robert\Desktop\GameDraw\\dependencies\glew\lib /LIBPATH:C:\Users\Robert\Desktop\GameDraw\\dependencies\glfw\lib /LIBPATH:C:\Users\Robert\Desktop\GameDraw\dependencies\freeimage\lib /LIBPATH:C:\Users\Robert\Desktop\GameDraw\dependencies\freetypegl\lib /NOLOGO /MACHINE:X64 /LTCG Release\camera.obj
         Release\input.obj
         Release\material.obj
         Release\shader.obj
         Release\texture.obj
         Release\label.obj
         Release\renderer2d.obj
         Release\sprite.obj
         Release\model.obj
         Release\renderer3d.obj
         Release\buffer.obj
         Release\gameobject.obj
         Release\renderer.obj
         Release\scene.obj
         Release\window.obj
     1>glew32.lib(glew32.dll) : warning LNK4006: __NULL_IMPORT_DESCRIPTOR already defined in opengl32.lib(OPENGL32.dll); second definition ignored
     1>glfw3dll.lib(glfw3.dll) : warning LNK4006: __NULL_IMPORT_DESCRIPTOR already defined in opengl32.lib(OPENGL32.dll); second definition ignored
     1>FreeImage.lib(FreeImage.dll) : warning LNK4006: __NULL_IMPORT_DESCRIPTOR already defined in opengl32.lib(OPENGL32.dll); second definition ignored
         Graphics.vcxproj -> C:\Users\Robert\Desktop\GameDraw\graphics\lib\graphics.lib
     1>Done Building Project "C:\Users\Robert\Desktop\GameDraw\graphics\Graphics.vcxproj" (Build target(s)).

Build succeeded.

Time Elapsed 00:00:07.51
