Build started 30-May-15 9:36:40 PM.
     1>Project "C:\Users\Robert\Desktop\GameDraw\dependencies\bin\freetype-gl.vcxproj" on node 2 (Build target(s)).
     1>ClCompile:
         C:\Program Files (x86)\Microsoft Visual Studio 12.0\VC\bin\x86_amd64\CL.exe /c /IC:\Users\Robert\Desktop\GameDraw\dependencies\freetypegl\windows\glut /IC:\Users\Robert\Desktop\GameDraw\dependencies\freetypegl\windows\freetype /IC:\Users\Robert\Desktop\GameDraw\dependencies\freetypegl /IC:\Users\Robert\Desktop\GameDraw\dependencies\freetypegl\windows\include /IC:\Users\Robert\Desktop\GameDraw\dependencies\freetypegl\windows\glew\include /nologo /W3 /WX- /O2 /Ob2 /D WIN32 /D _WINDOWS /D NDEBUG /D _CRT_SECURE_NO_WARNINGS /D FREETYPE_GL_USE_VAO /D "CMAKE_INTDIR=\"Release\"" /D _MBCS /Gm- /MD /GS /fp:precise /Zc:wchar_t /Zc:forScope /Fo"freetype-gl.dir\Release\\" /Fd"freetype-gl.dir\Release\vc120.pdb" /Gd /TC /errorReport:prompt "C:\Users\Robert\Desktop\GameDraw\dependencies\freetypegl\texture-atlas.c" "C:\Users\Robert\Desktop\GameDraw\dependencies\freetypegl\texture-font.c" "C:\Users\Robert\Desktop\GameDraw\dependencies\freetypegl\vertex-buffer.c" "C:\Users\Robert\Desktop\GameDraw\dependencies\freetypegl\vertex-attribute.c" "C:\Users\Robert\Desktop\GameDraw\dependencies\freetypegl\text-buffer.c" C:\Users\Robert\Desktop\GameDraw\dependencies\freetypegl\shader.c
         texture-atlas.c
     1>C:\Users\Robert\Desktop\GameDraw\dependencies\freetypegl\texture-atlas.c(53): warning C4267: 'initializing' : conversion from 'size_t' to 'int', possible loss of data
     1>C:\Users\Robert\Desktop\GameDraw\dependencies\freetypegl\texture-atlas.c(150): warning C4267: '=' : conversion from 'size_t' to 'int', possible loss of data
     1>C:\Users\Robert\Desktop\GameDraw\dependencies\freetypegl\texture-atlas.c(208): warning C4267: 'initializing' : conversion from 'size_t' to 'int', possible loss of data
     1>C:\Users\Robert\Desktop\GameDraw\dependencies\freetypegl\texture-atlas.c(225): warning C4267: '=' : conversion from 'size_t' to 'int', possible loss of data
     1>C:\Users\Robert\Desktop\GameDraw\dependencies\freetypegl\texture-atlas.c(226): warning C4267: '=' : conversion from 'size_t' to 'int', possible loss of data
     1>C:\Users\Robert\Desktop\GameDraw\dependencies\freetypegl\texture-atlas.c(251): warning C4267: '=' : conversion from 'size_t' to 'int', possible loss of data
     1>C:\Users\Robert\Desktop\GameDraw\dependencies\freetypegl\texture-atlas.c(252): warning C4267: '=' : conversion from 'size_t' to 'int', possible loss of data
     1>C:\Users\Robert\Desktop\GameDraw\dependencies\freetypegl\texture-atlas.c(300): warning C4267: '=' : conversion from 'size_t' to 'int', possible loss of data
     1>C:\Users\Robert\Desktop\GameDraw\dependencies\freetypegl\texture-atlas.c(327): warning C4267: 'function' : conversion from 'size_t' to 'GLsizei', possible loss of data
     1>C:\Users\Robert\Desktop\GameDraw\dependencies\freetypegl\texture-atlas.c(336): warning C4267: 'function' : conversion from 'size_t' to 'GLsizei', possible loss of data
     1>C:\Users\Robert\Desktop\GameDraw\dependencies\freetypegl\texture-atlas.c(341): warning C4267: 'function' : conversion from 'size_t' to 'GLsizei', possible loss of data
         texture-font.c
     1>C:\Users\Robert\Desktop\GameDraw\dependencies\freetypegl\windows\freetype\ft2build.h(34): fatal error C1083: Cannot open include file: 'freetype/config/ftheader.h': No such file or directory
         vertex-buffer.c
     1>C:\Users\Robert\Desktop\GameDraw\dependencies\freetypegl\vertex-buffer.c(64): warning C4996: 'strdup': The POSIX name for this item is deprecated. Instead, use the ISO C++ conformant name: _strdup. See online help for details.
                 C:\Program Files (x86)\Microsoft Visual Studio 12.0\VC\include\string.h(245) : see declaration of 'strdup'
     1>C:\Users\Robert\Desktop\GameDraw\dependencies\freetypegl\vertex-buffer.c(81): warning C4996: 'strdup': The POSIX name for this item is deprecated. Instead, use the ISO C++ conformant name: _strdup. See online help for details.
                 C:\Program Files (x86)\Microsoft Visual Studio 12.0\VC\include\string.h(245) : see declaration of 'strdup'
     1>C:\Users\Robert\Desktop\GameDraw\dependencies\freetypegl\vertex-buffer.c(112): warning C4267: '=' : conversion from 'size_t' to 'GLsizei', possible loss of data
     1>C:\Users\Robert\Desktop\GameDraw\dependencies\freetypegl\vertex-buffer.c(433): warning C4267: 'function' : conversion from 'size_t' to 'GLsizei', possible loss of data
     1>C:\Users\Robert\Desktop\GameDraw\dependencies\freetypegl\vertex-buffer.c(439): warning C4267: 'function' : conversion from 'size_t' to 'GLint', possible loss of data
     1>C:\Users\Robert\Desktop\GameDraw\dependencies\freetypegl\vertex-buffer.c(439): warning C4267: 'function' : conversion from 'size_t' to 'GLsizei', possible loss of data
     1>C:\Users\Robert\Desktop\GameDraw\dependencies\freetypegl\vertex-buffer.c(454): warning C4267: 'function' : conversion from 'size_t' to 'GLsizei', possible loss of data
     1>C:\Users\Robert\Desktop\GameDraw\dependencies\freetypegl\vertex-buffer.c(458): warning C4267: 'function' : conversion from 'size_t' to 'GLsizei', possible loss of data
     1>C:\Users\Robert\Desktop\GameDraw\dependencies\freetypegl\vertex-buffer.c(528): warning C4267: '+=' : conversion from 'size_t' to 'GLuint', possible loss of data
     1>C:\Users\Robert\Desktop\GameDraw\dependencies\freetypegl\vertex-buffer.c(572): warning C4267: '-=' : conversion from 'size_t' to 'GLuint', possible loss of data
     1>C:\Users\Robert\Desktop\GameDraw\dependencies\freetypegl\vertex-buffer.c(615): warning C4267: '+=' : conversion from 'size_t' to 'GLuint', possible loss of data
     1>C:\Users\Robert\Desktop\GameDraw\dependencies\freetypegl\vertex-buffer.c(619): warning C4267: '=' : conversion from 'size_t' to 'int', possible loss of data
     1>C:\Users\Robert\Desktop\GameDraw\dependencies\freetypegl\vertex-buffer.c(620): warning C4267: '=' : conversion from 'size_t' to 'int', possible loss of data
     1>C:\Users\Robert\Desktop\GameDraw\dependencies\freetypegl\vertex-buffer.c(621): warning C4267: '=' : conversion from 'size_t' to 'int', possible loss of data
     1>C:\Users\Robert\Desktop\GameDraw\dependencies\freetypegl\vertex-buffer.c(622): warning C4267: '=' : conversion from 'size_t' to 'int', possible loss of data
     1>C:\Users\Robert\Desktop\GameDraw\dependencies\freetypegl\vertex-buffer.c(652): warning C4267: '-=' : conversion from 'size_t' to 'int', possible loss of data
     1>C:\Users\Robert\Desktop\GameDraw\dependencies\freetypegl\vertex-buffer.c(653): warning C4267: '-=' : conversion from 'size_t' to 'int', possible loss of data
         vertex-attribute.c
     1>C:\Users\Robert\Desktop\GameDraw\dependencies\freetypegl\vertex-attribute.c(58): warning C4996: 'strdup': The POSIX name for this item is deprecated. Instead, use the ISO C++ conformant name: _strdup. See online help for details.
                 C:\Program Files (x86)\Microsoft Visual Studio 12.0\VC\include\string.h(245) : see declaration of 'strdup'
         text-buffer.c
     1>C:\Users\Robert\Desktop\GameDraw\dependencies\freetypegl\text-buffer.c(140): warning C4244: 'function' : conversion from 'double' to 'GLfloat', possible loss of data
     1>C:\Users\Robert\Desktop\GameDraw\dependencies\freetypegl\text-buffer.c(141): warning C4244: 'function' : conversion from 'double' to 'GLfloat', possible loss of data
     1>C:\Users\Robert\Desktop\GameDraw\dependencies\freetypegl\text-buffer.c(142): warning C4244: 'function' : conversion from 'size_t' to 'GLfloat', possible loss of data
     1>C:\Users\Robert\Desktop\GameDraw\dependencies\freetypegl\text-buffer.c(269): warning C4244: 'function' : conversion from 'int' to 'float', possible loss of data
     1>C:\Users\Robert\Desktop\GameDraw\dependencies\freetypegl\text-buffer.c(299): warning C4244: 'initializing' : conversion from 'int' to 'float', possible loss of data
     1>C:\Users\Robert\Desktop\GameDraw\dependencies\freetypegl\text-buffer.c(301): warning C4244: 'initializing' : conversion from 'int' to 'float', possible loss of data
     1>C:\Users\Robert\Desktop\GameDraw\dependencies\freetypegl\text-buffer.c(308): warning C4244: '=' : conversion from 'int' to 'float', possible loss of data
     1>C:\Users\Robert\Desktop\GameDraw\dependencies\freetypegl\text-buffer.c(310): warning C4244: '=' : conversion from 'int' to 'float', possible loss of data
     1>C:\Users\Robert\Desktop\GameDraw\dependencies\freetypegl\text-buffer.c(312): warning C4244: '=' : conversion from 'int' to 'float', possible loss of data
     1>C:\Users\Robert\Desktop\GameDraw\dependencies\freetypegl\text-buffer.c(314): warning C4244: '=' : conversion from 'int' to 'float', possible loss of data
     1>C:\Users\Robert\Desktop\GameDraw\dependencies\freetypegl\text-buffer.c(315): warning C4267: '=' : conversion from 'size_t' to 'GLuint', possible loss of data
     1>C:\Users\Robert\Desktop\GameDraw\dependencies\freetypegl\text-buffer.c(316): warning C4267: '=' : conversion from 'size_t' to 'GLuint', possible loss of data
     1>C:\Users\Robert\Desktop\GameDraw\dependencies\freetypegl\text-buffer.c(317): warning C4267: '=' : conversion from 'size_t' to 'GLuint', possible loss of data
     1>C:\Users\Robert\Desktop\GameDraw\dependencies\freetypegl\text-buffer.c(318): warning C4267: '=' : conversion from 'size_t' to 'GLuint', possible loss of data
     1>C:\Users\Robert\Desktop\GameDraw\dependencies\freetypegl\text-buffer.c(319): warning C4267: '=' : conversion from 'size_t' to 'GLuint', possible loss of data
     1>C:\Users\Robert\Desktop\GameDraw\dependencies\freetypegl\text-buffer.c(320): warning C4267: '=' : conversion from 'size_t' to 'GLuint', possible loss of data
     1>C:\Users\Robert\Desktop\GameDraw\dependencies\freetypegl\text-buffer.c(333): warning C4244: 'initializing' : conversion from 'int' to 'float', possible loss of data
     1>C:\Users\Robert\Desktop\GameDraw\dependencies\freetypegl\text-buffer.c(335): warning C4244: 'initializing' : conversion from 'int' to 'float', possible loss of data
     1>C:\Users\Robert\Desktop\GameDraw\dependencies\freetypegl\text-buffer.c(342): warning C4244: '=' : conversion from 'int' to 'float', possible loss of data
     1>C:\Users\Robert\Desktop\GameDraw\dependencies\freetypegl\text-buffer.c(344): warning C4244: '=' : conversion from 'int' to 'float', possible loss of data
     1>C:\Users\Robert\Desktop\GameDraw\dependencies\freetypegl\text-buffer.c(346): warning C4244: '=' : conversion from 'int' to 'float', possible loss of data
     1>C:\Users\Robert\Desktop\GameDraw\dependencies\freetypegl\text-buffer.c(348): warning C4244: '=' : conversion from 'int' to 'float', possible loss of data
     1>C:\Users\Robert\Desktop\GameDraw\dependencies\freetypegl\text-buffer.c(349): warning C4267: '=' : conversion from 'size_t' to 'GLuint', possible loss of data
     1>C:\Users\Robert\Desktop\GameDraw\dependencies\freetypegl\text-buffer.c(350): warning C4267: '=' : conversion from 'size_t' to 'GLuint', possible loss of data
     1>C:\Users\Robert\Desktop\GameDraw\dependencies\freetypegl\text-buffer.c(351): warning C4267: '=' : conversion from 'size_t' to 'GLuint', possible loss of data
     1>C:\Users\Robert\Desktop\GameDraw\dependencies\freetypegl\text-buffer.c(352): warning C4267: '=' : conversion from 'size_t' to 'GLuint', possible loss of data
     1>C:\Users\Robert\Desktop\GameDraw\dependencies\freetypegl\text-buffer.c(353): warning C4267: '=' : conversion from 'size_t' to 'GLuint', possible loss of data
     1>C:\Users\Robert\Desktop\GameDraw\dependencies\freetypegl\text-buffer.c(354): warning C4267: '=' : conversion from 'size_t' to 'GLuint', possible loss of data
     1>C:\Users\Robert\Desktop\GameDraw\dependencies\freetypegl\text-buffer.c(367): warning C4244: 'initializing' : conversion from 'int' to 'float', possible loss of data
     1>C:\Users\Robert\Desktop\GameDraw\dependencies\freetypegl\text-buffer.c(369): warning C4244: 'initializing' : conversion from 'int' to 'float', possible loss of data
     1>C:\Users\Robert\Desktop\GameDraw\dependencies\freetypegl\text-buffer.c(375): warning C4244: '=' : conversion from 'int' to 'float', possible loss of data
     1>C:\Users\Robert\Desktop\GameDraw\dependencies\freetypegl\text-buffer.c(377): warning C4244: '=' : conversion from 'int' to 'float', possible loss of data
     1>C:\Users\Robert\Desktop\GameDraw\dependencies\freetypegl\text-buffer.c(379): warning C4244: '=' : conversion from 'int' to 'float', possible loss of data
     1>C:\Users\Robert\Desktop\GameDraw\dependencies\freetypegl\text-buffer.c(381): warning C4244: '=' : conversion from 'int' to 'float', possible loss of data
     1>C:\Users\Robert\Desktop\GameDraw\dependencies\freetypegl\text-buffer.c(382): warning C4267: '=' : conversion from 'size_t' to 'GLuint', possible loss of data
     1>C:\Users\Robert\Desktop\GameDraw\dependencies\freetypegl\text-buffer.c(383): warning C4267: '=' : conversion from 'size_t' to 'GLuint', possible loss of data
     1>C:\Users\Robert\Desktop\GameDraw\dependencies\freetypegl\text-buffer.c(384): warning C4267: '=' : conversion from 'size_t' to 'GLuint', possible loss of data
     1>C:\Users\Robert\Desktop\GameDraw\dependencies\freetypegl\text-buffer.c(385): warning C4267: '=' : conversion from 'size_t' to 'GLuint', possible loss of data
     1>C:\Users\Robert\Desktop\GameDraw\dependencies\freetypegl\text-buffer.c(386): warning C4267: '=' : conversion from 'size_t' to 'GLuint', possible loss of data
     1>C:\Users\Robert\Desktop\GameDraw\dependencies\freetypegl\text-buffer.c(387): warning C4267: '=' : conversion from 'size_t' to 'GLuint', possible loss of data
     1>C:\Users\Robert\Desktop\GameDraw\dependencies\freetypegl\text-buffer.c(400): warning C4244: 'initializing' : conversion from 'int' to 'float', possible loss of data
     1>C:\Users\Robert\Desktop\GameDraw\dependencies\freetypegl\text-buffer.c(402): warning C4244: 'initializing' : conversion from 'int' to 'float', possible loss of data
     1>C:\Users\Robert\Desktop\GameDraw\dependencies\freetypegl\text-buffer.c(408): warning C4244: '=' : conversion from 'int' to 'float', possible loss of data
     1>C:\Users\Robert\Desktop\GameDraw\dependencies\freetypegl\text-buffer.c(410): warning C4244: '=' : conversion from 'int' to 'float', possible loss of data
     1>C:\Users\Robert\Desktop\GameDraw\dependencies\freetypegl\text-buffer.c(412): warning C4244: '=' : conversion from 'int' to 'float', possible loss of data
     1>C:\Users\Robert\Desktop\GameDraw\dependencies\freetypegl\text-buffer.c(414): warning C4244: '=' : conversion from 'int' to 'float', possible loss of data
     1>C:\Users\Robert\Desktop\GameDraw\dependencies\freetypegl\text-buffer.c(415): warning C4267: '=' : conversion from 'size_t' to 'GLuint', possible loss of data
     1>C:\Users\Robert\Desktop\GameDraw\dependencies\freetypegl\text-buffer.c(416): warning C4267: '=' : conversion from 'size_t' to 'GLuint', possible loss of data
     1>C:\Users\Robert\Desktop\GameDraw\dependencies\freetypegl\text-buffer.c(417): warning C4267: '=' : conversion from 'size_t' to 'GLuint', possible loss of data
     1>C:\Users\Robert\Desktop\GameDraw\dependencies\freetypegl\text-buffer.c(418): warning C4267: '=' : conversion from 'size_t' to 'GLuint', possible loss of data
     1>C:\Users\Robert\Desktop\GameDraw\dependencies\freetypegl\text-buffer.c(419): warning C4267: '=' : conversion from 'size_t' to 'GLuint', possible loss of data
     1>C:\Users\Robert\Desktop\GameDraw\dependencies\freetypegl\text-buffer.c(420): warning C4267: '=' : conversion from 'size_t' to 'GLuint', possible loss of data
     1>C:\Users\Robert\Desktop\GameDraw\dependencies\freetypegl\text-buffer.c(431): warning C4244: 'initializing' : conversion from 'int' to 'float', possible loss of data
     1>C:\Users\Robert\Desktop\GameDraw\dependencies\freetypegl\text-buffer.c(433): warning C4244: 'initializing' : conversion from 'int' to 'float', possible loss of data
     1>C:\Users\Robert\Desktop\GameDraw\dependencies\freetypegl\text-buffer.c(440): warning C4244: '=' : conversion from 'int' to 'float', possible loss of data
     1>C:\Users\Robert\Desktop\GameDraw\dependencies\freetypegl\text-buffer.c(442): warning C4244: '=' : conversion from 'int' to 'float', possible loss of data
     1>C:\Users\Robert\Desktop\GameDraw\dependencies\freetypegl\text-buffer.c(444): warning C4244: '=' : conversion from 'int' to 'float', possible loss of data
     1>C:\Users\Robert\Desktop\GameDraw\dependencies\freetypegl\text-buffer.c(446): warning C4244: '=' : conversion from 'int' to 'float', possible loss of data
     1>C:\Users\Robert\Desktop\GameDraw\dependencies\freetypegl\text-buffer.c(447): warning C4267: '=' : conversion from 'size_t' to 'GLuint', possible loss of data
     1>C:\Users\Robert\Desktop\GameDraw\dependencies\freetypegl\text-buffer.c(448): warning C4267: '=' : conversion from 'size_t' to 'GLuint', possible loss of data
     1>C:\Users\Robert\Desktop\GameDraw\dependencies\freetypegl\text-buffer.c(449): warning C4267: '=' : conversion from 'size_t' to 'GLuint', possible loss of data
     1>C:\Users\Robert\Desktop\GameDraw\dependencies\freetypegl\text-buffer.c(450): warning C4267: '=' : conversion from 'size_t' to 'GLuint', possible loss of data
     1>C:\Users\Robert\Desktop\GameDraw\dependencies\freetypegl\text-buffer.c(451): warning C4267: '=' : conversion from 'size_t' to 'GLuint', possible loss of data
     1>C:\Users\Robert\Desktop\GameDraw\dependencies\freetypegl\text-buffer.c(452): warning C4267: '=' : conversion from 'size_t' to 'GLuint', possible loss of data
     1>C:\Users\Robert\Desktop\GameDraw\dependencies\freetypegl\text-buffer.c(457): warning C4244: '+=' : conversion from 'double' to 'float', possible loss of data
         shader.c
         Generating Code...
     1>Done Building Project "C:\Users\Robert\Desktop\GameDraw\dependencies\bin\freetype-gl.vcxproj" (Build target(s)) -- FAILED.

Build FAILED.

Time Elapsed 00:00:00.98
