Build started 15-May-15 11:44:49 PM.
     1>Project "C:\Users\Robert\Documents\Visual Studio 2013\Projects\GameDraw\Graphics\Graphics.vcxproj" on node 2 (Build target(s)).
     1>InitializeBuildStatus:
         Creating "x64\common\Debug\Graphics.tlog\unsuccessfulbuild" because "AlwaysCreate" was specified.
       ClCompile:
         All outputs are up-to-date.
         C:\Program Files (x86)\Microsoft Visual Studio 12.0\VC\bin\x86_amd64\CL.exe /c /IC:\Users\Robert\Documents\opengl\include /I"C:\Users\Robert\Documents\Visual Studio 2013\Projects\GameDraw\Tools\src" /I"C:\Users\Robert\Documents\Visual Studio 2013\Projects\GameDraw\Pattern\src" /Zi /nologo /W3 /WX- /sdl /Od /D _MBCS /Gm /EHsc /RTC1 /MDd /GS /fp:precise /Zc:wchar_t /Zc:forScope /Yu"pch.h" /Fp"x64\common\Debug\Graphics.pch" /Fo"x64\common\Debug\\" /Fd"x64\common\Debug\vc120.pdb" /Gd /TP /errorReport:prompt src\window\camera\camera.cpp src\window\input\input.cpp src\window\scene\material\material.cpp src\window\scene\material\mesh\mesh.cpp src\window\scene\material\shader\shader.cpp src\window\scene\material\texture\texture.cpp src\window\scene\renderer\renderer.cpp src\window\scene\scene.cpp src\window\window.cpp
         Skipping... (no relevant changes detected)
         window.cpp
         scene.cpp
         renderer.cpp
         texture.cpp
         shader.cpp
         mesh.cpp
         material.cpp
         input.cpp
         camera.cpp
       Lib:
         C:\Program Files (x86)\Microsoft Visual Studio 12.0\VC\bin\x86_amd64\Lib.exe /OUT:"C:\Users\Robert\Documents\Visual Studio 2013\Projects\GameDraw\\bin\x64\Debug\Graphics.lib" /NOLOGO /MACHINE:X64 x64\common\Debug\pch.obj
         x64\common\Debug\camera.obj
         x64\common\Debug\input.obj
         x64\common\Debug\material.obj
         x64\common\Debug\mesh.obj
         x64\common\Debug\shader.obj
         x64\common\Debug\texture.obj
         x64\common\Debug\renderer.obj
         x64\common\Debug\scene.obj
         x64\common\Debug\window.obj
         Graphics.vcxproj -> C:\Users\Robert\Documents\Visual Studio 2013\Projects\GameDraw\\bin\x64\Debug\Graphics.lib
       FinalizeBuildStatus:
         Deleting file "x64\common\Debug\Graphics.tlog\unsuccessfulbuild".
         Touching "x64\common\Debug\Graphics.tlog\Graphics.lastbuildstate".
     1>Done Building Project "C:\Users\Robert\Documents\Visual Studio 2013\Projects\GameDraw\Graphics\Graphics.vcxproj" (Build target(s)).

Build succeeded.

Time Elapsed 00:00:00.51
